<?xml version="1.0" encoding="UTF-8"?>
<!-- Generated by org.testng.reporters.JUnitReportReporter -->
<testsuite skipped="0" hostname="ankittt07" name="com.crm.qa.testcases.HomePageTest" tests="3" failures="0" timestamp="06 Jan 2019 14:11:36 GMT" time="94.571" errors="0">
  <testcase name="verifyHomePageTitleTest" time="27.774" classname="com.crm.qa.testcases.HomePageTest"/>
  <testcase name="verifyUserNameTest" time="29.275" classname="com.crm.qa.testcases.HomePageTest"/>
  <testcase name="verifyContactsLinkTest" time="37.522" classname="com.crm.qa.testcases.HomePageTest"/>
</testsuite> <!-- com.crm.qa.testcases.HomePageTest -->
