<?xml version="1.0" encoding="UTF-8"?>
<!-- Generated by org.testng.reporters.JUnitReportReporter -->
<testsuite skipped="0" hostname="ankittt07" name="com.crm.qa.testcases.LoginPageTest" tests="3" failures="0" timestamp="12 Jan 2019 05:28:36 GMT" time="115.650" errors="0">
  <testcase name="loginPageTitleTest" time="27.259" classname="com.crm.qa.testcases.LoginPageTest"/>
  <testcase name="crmLogoImageTest" time="24.417" classname="com.crm.qa.testcases.LoginPageTest"/>
  <testcase name="loginTest" time="63.974" classname="com.crm.qa.testcases.LoginPageTest"/>
</testsuite> <!-- com.crm.qa.testcases.LoginPageTest -->
